<?xml version="1.0" encoding="UTF-8"?>
<!-- Generated by org.testng.reporters.JUnitReportReporter -->
<testsuite hostname="DESKTOP-I95JGMB" name="script.Demo" tests="1" failures="0" timestamp="27 Feb 2019 11:05:44 GMT" time="12.180" errors="0">
  <testcase name="testDemo" time="12.180" classname="script.Demo"/>
</testsuite> <!-- script.Demo -->
