<?xml version="1.0" encoding="UTF-8"?>
<!-- Generated by org.testng.reporters.JUnitReportReporter -->
<testsuite hostname="DESKTOP-I95JGMB" name="script.ValidLogin" tests="1" failures="0" timestamp="1 Mar 2019 08:41:25 GMT" time="9.864" errors="0">
  <testcase name="testValidLogin" time="9.864" classname="script.ValidLogin"/>
</testsuite> <!-- script.ValidLogin -->
